08/24/2021 04:38:27 PM - **********************************************
08/24/2021 04:38:27 PM - *
08/24/2021 04:38:27 PM - *  Starting Leather Work Costing
08/24/2021 04:38:27 PM - *
08/24/2021 04:38:27 PM - *    INFO : leatherworkCosting._create_member:
                         *            Creating Menu Bar
08/24/2021 04:38:27 PM - *
08/24/2021 04:38:27 PM - *    INFO : leatherworkCosting.on_closing:
                         *            on_quit was called
08/24/2021 04:38:28 PM - *
08/24/2021 04:38:28 PM - *    INFO : leatherworkCosting.on_closing:
                         *            on_quit cancelled
08/24/2021 04:38:28 PM - *
08/24/2021 04:38:28 PM - *    INFO : leatherworkCosting._create_member:
                         *            Menu Bar Created
08/24/2021 04:38:31 PM - *
08/24/2021 04:38:31 PM - *    INFO : leatherworkCosting.on_log:
                         *            View Current Log
08/24/2021 04:38:31 PM - *
08/24/2021 04:38:31 PM - *    INFO : leatherworkCosting.on_log:
                         *            Clearing current TEXT area
08/24/2021 04:38:31 PM - *
08/24/2021 04:38:31 PM - *    INFO : common_module.get_currDate:
                         *            Getting Current Date using Date Format %Y%m%d
08/24/2021 04:38:31 PM - *
08/24/2021 04:38:31 PM - *    INFO : common_module.get_currDate:
                         *            Returning 20210824 as current date
08/24/2021 04:38:31 PM - *
08/24/2021 04:38:31 PM - *    INFO : leatherworkCosting.on_log:
                         *                opening log file for reading
08/24/2021 04:38:31 PM - *
08/24/2021 04:38:31 PM - *    INFO : leatherworkCosting.log:
                         *            Logging to TEXT area
08/24/2021 04:38:31 PM - *++++++++++++++++++++++++++++++++++
08/24/2021 04:38:31 PM - *    CRITICAL : leatherworkCosting.on_log:
                         *            ***type object 'Common' has no attribute 'fileclose'
08/24/2021 04:38:31 PM - *++++++++++++++++++++++++++++++++++
08/24/2021 04:38:34 PM - *
08/24/2021 04:38:34 PM - *    INFO : leatherworkCosting.on_quit:
                         *            on_quit was called
08/24/2021 04:38:38 PM - *
08/24/2021 04:38:38 PM - *    INFO : leatherworkCosting.on_quit:
                         *            on_quit cancelled
08/24/2021 04:38:41 PM - *
08/24/2021 04:38:41 PM - *    INFO : leatherworkCosting.on_list:
                         *            Listing DB Tables
08/24/2021 04:38:41 PM - *
08/24/2021 04:38:41 PM - *    INFO : db_common._dbopenConnection:
                         *            Opening DB Connection using leatherworker: 
08/24/2021 04:38:41 PM - *
08/24/2021 04:38:41 PM - *    INFO : db_common._dbopenConnection:
                         *            Opened DB Connection using leatherworker: 
08/24/2021 04:38:41 PM - *
08/24/2021 04:38:41 PM - *    INFO : db_common._dbtablelist:
                         *            Listing DB Tables
08/24/2021 04:38:41 PM - *
08/24/2021 04:38:41 PM - *    INFO : leatherworkCosting.log:
                         *            Logging to TEXT area
08/24/2021 04:38:41 PM - *
08/24/2021 04:38:41 PM - *    INFO : leatherworkCosting.log:
                         *            Logging to TEXT area
08/24/2021 04:38:41 PM - *
08/24/2021 04:38:41 PM - *    INFO : leatherworkCosting.log:
                         *            Logging to TEXT area
08/24/2021 04:38:41 PM - *
08/24/2021 04:38:41 PM - *    INFO : leatherworkCosting.log:
                         *            Logging to TEXT area
08/24/2021 04:38:41 PM - *
08/24/2021 04:38:41 PM - *    INFO : leatherworkCosting.log:
                         *            Logging to TEXT area
08/24/2021 04:38:41 PM - *
08/24/2021 04:38:41 PM - *    INFO : db_common._dbcloseConnection:
                         *            Closing DB Connection
08/24/2021 04:38:41 PM - *
08/24/2021 04:38:41 PM - *    INFO : db_common._dbcloseConnection:
                         *            Closed DB Connection
08/24/2021 04:38:43 PM - *
08/24/2021 04:38:43 PM - *    INFO : leatherworkCosting.on_log:
                         *            View Current Log
08/24/2021 04:38:43 PM - *
08/24/2021 04:38:43 PM - *    INFO : leatherworkCosting.on_log:
                         *            Clearing current TEXT area
08/24/2021 04:38:43 PM - *
08/24/2021 04:38:43 PM - *    INFO : common_module.get_currDate:
                         *            Getting Current Date using Date Format %Y%m%d
08/24/2021 04:38:43 PM - *
08/24/2021 04:38:43 PM - *    INFO : common_module.get_currDate:
                         *            Returning 20210824 as current date
08/24/2021 04:38:43 PM - *
08/24/2021 04:38:43 PM - *    INFO : leatherworkCosting.on_log:
                         *                opening log file for reading
08/24/2021 04:38:43 PM - *
08/24/2021 04:38:43 PM - *    INFO : leatherworkCosting.log:
                         *            Logging to TEXT area
08/24/2021 04:38:43 PM - *++++++++++++++++++++++++++++++++++
08/24/2021 04:38:43 PM - *    CRITICAL : leatherworkCosting.on_log:
                         *            ***type object 'Common' has no attribute 'fileclose'
08/24/2021 04:38:43 PM - *++++++++++++++++++++++++++++++++++
08/24/2021 04:40:14 PM - **********************************************
08/24/2021 04:40:14 PM - *
08/24/2021 04:40:14 PM - *  Starting Leather Work Costing
08/24/2021 04:40:14 PM - *
08/24/2021 04:40:14 PM - *    INFO : leatherworkCosting._create_member:
                         *            Creating Menu Bar
08/24/2021 04:40:14 PM - *
08/24/2021 04:40:14 PM - *    INFO : leatherworkCosting.on_closing:
                         *            on_quit was called
08/24/2021 04:40:16 PM - *
08/24/2021 04:40:16 PM - *    INFO : leatherworkCosting.on_closing:
                         *            on_quit cancelled
08/24/2021 04:40:16 PM - *
08/24/2021 04:40:16 PM - *    INFO : leatherworkCosting._create_member:
                         *            Menu Bar Created
08/24/2021 04:40:18 PM - *
08/24/2021 04:40:18 PM - *    INFO : leatherworkCosting.on_log:
                         *            View Current Log
08/24/2021 04:40:18 PM - *
08/24/2021 04:40:18 PM - *    INFO : leatherworkCosting.on_log:
                         *            Clearing current TEXT area
08/24/2021 04:40:18 PM - *
08/24/2021 04:40:18 PM - *    INFO : common_module.get_currDate:
                         *            Getting Current Date using Date Format %Y%m%d
08/24/2021 04:40:18 PM - *
08/24/2021 04:40:18 PM - *    INFO : common_module.get_currDate:
                         *            Returning 20210824 as current date
08/24/2021 04:40:18 PM - *
08/24/2021 04:40:18 PM - *    INFO : leatherworkCosting.on_log:
                         *                opening log file for reading
08/24/2021 04:40:18 PM - *
08/24/2021 04:40:18 PM - *    INFO : leatherworkCosting.log:
                         *            Logging to TEXT area
08/24/2021 04:40:18 PM - *++++++++++++++++++++++++++++++++++
08/24/2021 04:40:36 PM - *
08/24/2021 04:40:36 PM - *    INFO : leatherworkCosting.on_log:
                         *            View Current Log
08/24/2021 04:40:36 PM - *
08/24/2021 04:40:36 PM - *    INFO : leatherworkCosting.on_log:
                         *            Clearing current TEXT area
08/24/2021 04:40:36 PM - *
08/24/2021 04:40:36 PM - *    INFO : common_module.get_currDate:
                         *            Getting Current Date using Date Format %Y%m%d
08/24/2021 04:40:36 PM - *
08/24/2021 04:40:36 PM - *    INFO : common_module.get_currDate:
                         *            Returning 20210824 as current date
08/24/2021 04:40:36 PM - *
08/24/2021 04:40:36 PM - *    INFO : leatherworkCosting.on_log:
                         *                opening log file for reading
08/24/2021 04:40:36 PM - *
08/24/2021 04:40:36 PM - *    INFO : leatherworkCosting.log:
                         *            Logging to TEXT area
08/24/2021 04:40:36 PM - *++++++++++++++++++++++++++++++++++
08/24/2021 04:40:54 PM - *
08/24/2021 04:40:54 PM - *    INFO : leatherworkCosting.on_log:
                         *            View Current Log
08/24/2021 04:40:54 PM - *
08/24/2021 04:40:54 PM - *    INFO : leatherworkCosting.on_log:
                         *            Clearing current TEXT area
08/24/2021 04:40:54 PM - *
08/24/2021 04:40:54 PM - *    INFO : common_module.get_currDate:
                         *            Getting Current Date using Date Format %Y%m%d
08/24/2021 04:40:54 PM - *
08/24/2021 04:40:54 PM - *    INFO : common_module.get_currDate:
                         *            Returning 20210824 as current date
08/24/2021 04:40:54 PM - *
08/24/2021 04:40:54 PM - *    INFO : leatherworkCosting.on_log:
                         *                opening log file for reading
08/24/2021 04:40:54 PM - *
08/24/2021 04:40:54 PM - *    INFO : leatherworkCosting.log:
                         *            Logging to TEXT area
08/24/2021 04:40:54 PM - *++++++++++++++++++++++++++++++++++
08/24/2021 04:44:54 PM - **********************************************
08/24/2021 04:44:54 PM - *
08/24/2021 04:44:54 PM - *  Starting Leather Work Costing
08/24/2021 04:44:54 PM - *
08/24/2021 04:44:54 PM - *    INFO : leatherworkCosting._create_member:
                         *            Creating Menu Bar
08/24/2021 04:44:54 PM - *
08/24/2021 04:44:54 PM - *    INFO : leatherworkCosting.on_closing:
                         *            on_quit was called
08/24/2021 04:44:56 PM - *++++++++++++++++++++++++++++++++++
08/24/2021 04:44:56 PM - *    CRITICAL : %(module)s.%(func)s:
                         *             ***%(err)s
08/24/2021 04:44:56 PM - *++++++++++++++++++++++++++++++++++
08/24/2021 04:44:56 PM - *
08/24/2021 04:44:56 PM - *    INFO : leatherworkCosting._create_member:
                         *            Menu Bar Created
08/24/2021 04:44:59 PM - *
08/24/2021 04:44:59 PM - *    INFO : leatherworkCosting.on_log:
                         *            View Current Log
08/24/2021 04:44:59 PM - *
08/24/2021 04:44:59 PM - *    INFO : leatherworkCosting.on_log:
                         *            Clearing current TEXT area
08/24/2021 04:44:59 PM - *
08/24/2021 04:44:59 PM - *    INFO : common_module.get_currDate:
                         *            Getting Current Date using Date Format %Y%m%d
08/24/2021 04:44:59 PM - *
08/24/2021 04:44:59 PM - *    INFO : common_module.get_currDate:
                         *            Returning 20210824 as current date
08/24/2021 04:44:59 PM - *
08/24/2021 04:44:59 PM - *    INFO : leatherworkCosting.on_log:
                         *                opening log file for reading
08/24/2021 04:44:59 PM - *
08/24/2021 04:44:59 PM - *    INFO : leatherworkCosting.log:
                         *            Logging to TEXT area
08/24/2021 04:44:59 PM - *++++++++++++++++++++++++++++++++++
08/24/2021 04:44:59 PM - *    CRITICAL : leatherworkCosting.on_log:
                         *             ***type object 'Common' has no attribute 'fileclose'
08/24/2021 04:44:59 PM - *++++++++++++++++++++++++++++++++++
08/24/2021 04:45:20 PM - *
08/24/2021 04:45:20 PM - *    INFO : leatherworkCosting.on_deleteLog:
                         *            Deleting All Logs older than today
08/24/2021 04:45:21 PM - *
08/24/2021 04:45:21 PM - *    INFO : common_module.get_currDate:
                         *            Getting Current Date using Date Format %Y%m%d
08/24/2021 04:45:21 PM - *
08/24/2021 04:45:21 PM - *    INFO : common_module.get_currDate:
                         *            Returning 20210824 as current date
08/24/2021 04:45:21 PM - *++++++++++++++++++++++++++++++++++
08/24/2021 04:45:21 PM - *    CRITICAL : %(module)s.%(func)s:
                         *             ***%(err)s
08/24/2021 04:45:21 PM - *++++++++++++++++++++++++++++++++++
08/24/2021 04:45:24 PM - *
08/24/2021 04:45:24 PM - *    INFO : leatherworkCosting.on_log:
                         *            View Current Log
08/24/2021 04:45:24 PM - *
08/24/2021 04:45:24 PM - *    INFO : leatherworkCosting.on_log:
                         *            Clearing current TEXT area
08/24/2021 04:45:24 PM - *
08/24/2021 04:45:24 PM - *    INFO : common_module.get_currDate:
                         *            Getting Current Date using Date Format %Y%m%d
08/24/2021 04:45:24 PM - *
08/24/2021 04:45:24 PM - *    INFO : common_module.get_currDate:
                         *            Returning 20210824 as current date
08/24/2021 04:45:24 PM - *
08/24/2021 04:45:24 PM - *    INFO : leatherworkCosting.on_log:
                         *                opening log file for reading
08/24/2021 04:45:24 PM - *
08/24/2021 04:45:24 PM - *    INFO : leatherworkCosting.log:
                         *            Logging to TEXT area
08/24/2021 04:45:24 PM - *++++++++++++++++++++++++++++++++++
08/24/2021 04:45:24 PM - *    CRITICAL : leatherworkCosting.on_log:
                         *             ***type object 'Common' has no attribute 'fileclose'
08/24/2021 04:45:24 PM - *++++++++++++++++++++++++++++++++++
08/24/2021 04:47:06 PM - *
08/24/2021 04:47:06 PM - *    INFO : leatherworkCosting.on_quit:
                         *            on_quit was called
08/24/2021 04:47:07 PM - *
08/24/2021 04:47:07 PM - *  Ending leatherworkCosting.on_quit
08/24/2021 04:47:07 PM - *
08/24/2021 04:47:07 PM - **********************************************
08/24/2021 04:47:11 PM - **********************************************
08/24/2021 04:47:11 PM - *
08/24/2021 04:47:11 PM - *  Starting Leather Work Costing
08/24/2021 04:47:11 PM - *
08/24/2021 04:47:11 PM - *    INFO : leatherworkCosting._create_member:
                         *            Creating Menu Bar
08/24/2021 04:47:11 PM - *
08/24/2021 04:47:11 PM - *    INFO : leatherworkCosting.on_closing:
                         *            on_quit was called
08/24/2021 04:47:13 PM - *
08/24/2021 04:47:13 PM - *    INFO : leatherworkCosting.on_closing:
                         *            on_quit cancelled
08/24/2021 04:47:13 PM - *
08/24/2021 04:47:13 PM - *    INFO : leatherworkCosting._create_member:
                         *            Menu Bar Created
08/24/2021 04:47:16 PM - *
08/24/2021 04:47:16 PM - *    INFO : leatherworkCosting.on_log:
                         *            View Current Log
08/24/2021 04:47:16 PM - *
08/24/2021 04:47:16 PM - *    INFO : leatherworkCosting.on_log:
                         *            Clearing current TEXT area
08/24/2021 04:47:16 PM - *
08/24/2021 04:47:16 PM - *    INFO : common_module.get_currDate:
                         *            Getting Current Date using Date Format %Y%m%d
08/24/2021 04:47:16 PM - *
08/24/2021 04:47:16 PM - *    INFO : common_module.get_currDate:
                         *            Returning 20210824 as current date
08/24/2021 04:47:16 PM - *
08/24/2021 04:47:16 PM - *    INFO : leatherworkCosting.on_log:
                         *                opening log file for reading
08/24/2021 04:47:16 PM - *
08/24/2021 04:47:16 PM - *    INFO : leatherworkCosting.log:
                         *            Logging to TEXT area
08/24/2021 04:47:20 PM - *
08/24/2021 04:47:20 PM - *    INFO : leatherworkCosting.on_deleteLog:
                         *            Deleting All Logs older than today
08/24/2021 04:47:21 PM - *
08/24/2021 04:47:21 PM - *    INFO : common_module.get_currDate:
                         *            Getting Current Date using Date Format %Y%m%d
08/24/2021 04:47:21 PM - *
08/24/2021 04:47:21 PM - *    INFO : common_module.get_currDate:
                         *            Returning 20210824 as current date
08/24/2021 04:47:21 PM - *++++++++++++++++++++++++++++++++++
08/24/2021 04:47:21 PM - *    CRITICAL : %(module)s.%(func)s:
                         *             ***%(err)s
08/24/2021 04:47:21 PM - *++++++++++++++++++++++++++++++++++
08/24/2021 04:47:23 PM - *
08/24/2021 04:47:23 PM - *    INFO : leatherworkCosting.on_log:
                         *            View Current Log
08/24/2021 04:47:23 PM - *
08/24/2021 04:47:23 PM - *    INFO : leatherworkCosting.on_log:
                         *            Clearing current TEXT area
08/24/2021 04:47:23 PM - *
08/24/2021 04:47:23 PM - *    INFO : common_module.get_currDate:
                         *            Getting Current Date using Date Format %Y%m%d
08/24/2021 04:47:23 PM - *
08/24/2021 04:47:23 PM - *    INFO : common_module.get_currDate:
                         *            Returning 20210824 as current date
08/24/2021 04:47:23 PM - *
08/24/2021 04:47:23 PM - *    INFO : leatherworkCosting.on_log:
                         *                opening log file for reading
08/24/2021 04:47:23 PM - *
08/24/2021 04:47:23 PM - *    INFO : leatherworkCosting.log:
                         *            Logging to TEXT area
08/24/2021 04:49:32 PM - **********************************************
08/24/2021 04:49:32 PM - *
08/24/2021 04:49:32 PM - *  Starting Leather Work Costing
08/24/2021 04:49:32 PM - *
08/24/2021 04:49:32 PM - *    INFO : leatherworkCosting._create_member:
                         *            Creating Menu Bar
08/24/2021 04:49:32 PM - *
08/24/2021 04:49:32 PM - *    INFO : leatherworkCosting.on_closing:
                         *            on_quit was called
08/24/2021 04:49:34 PM - *
08/24/2021 04:49:34 PM - *    INFO : leatherworkCosting.on_closing:
                         *            on_quit cancelled
08/24/2021 04:49:34 PM - *
08/24/2021 04:49:34 PM - *    INFO : leatherworkCosting._create_member:
                         *            Menu Bar Created
08/24/2021 04:49:36 PM - *
08/24/2021 04:49:36 PM - *    INFO : leatherworkCosting.on_deleteLog:
                         *            Deleting All Logs older than today
08/24/2021 04:49:38 PM - *
08/24/2021 04:49:38 PM - *    INFO : common_module.get_currDate:
                         *            Getting Current Date using Date Format %Y%m%d
08/24/2021 04:49:38 PM - *
08/24/2021 04:49:38 PM - *    INFO : common_module.get_currDate:
                         *            Returning 20210824 as current date
08/24/2021 04:49:38 PM - *++++++++++++++++++++++++++++++++++
08/24/2021 04:49:38 PM - *    CRITICAL : leatherworkCosting.on_deleteLog:
                         *             ***_info() missing 1 required positional argument: 's'
08/24/2021 04:49:38 PM - *++++++++++++++++++++++++++++++++++
08/24/2021 04:49:41 PM - *----------------------------------
08/24/2021 04:49:41 PM - *    WARNING : leatherworkCosting.on_recreate:
                         *            Recreate Database and Tables
08/24/2021 04:49:41 PM - *----------------------------------
08/24/2021 04:49:41 PM - *
08/24/2021 04:49:41 PM - *    INFO : leatherworkCosting.on_recreate:
                         *              Destroying and Recreating databases
08/24/2021 04:49:41 PM - *
08/24/2021 04:49:41 PM - *    INFO : db_common._dbopenConnection:
                         *            Opening DB Connection using root: 
08/24/2021 04:49:41 PM - *
08/24/2021 04:49:41 PM - *    INFO : db_common._dbopenConnection:
                         *            Opened DB Connection using root: 
08/24/2021 04:49:41 PM - *
08/24/2021 04:49:41 PM - *    INFO : db_common._dbdeleteDB:
                         *            Deleting DB LeatherWorks: 
08/24/2021 04:49:41 PM - *
08/24/2021 04:49:41 PM - *    INFO : db_common._dbdeleteDB:
                         *            Deleted DB LeatherWorks: 
08/24/2021 04:49:41 PM - *
08/24/2021 04:49:41 PM - *    INFO : db_common._dbcreateDB:
                         *            Creating DBs
08/24/2021 04:49:41 PM - *
08/24/2021 04:49:41 PM - *    INFO : db_common._dbcreateDB:
                         *            Created DBs
08/24/2021 04:49:41 PM - *
08/24/2021 04:49:41 PM - *    INFO : db_common._dbcreateTables:
                         *            Creating DB Tables
08/24/2021 04:49:41 PM - *
08/24/2021 04:49:41 PM - *    INFO : db_common._dbcreateTables:
                         *            Creating table lwprojects: 
08/24/2021 04:49:41 PM - *
08/24/2021 04:49:41 PM - *    INFO : db_common._dbcreateTables:
                         *            Created table lwprojects: 
08/24/2021 04:49:41 PM - *
08/24/2021 04:49:41 PM - *    INFO : db_common._dbcreateTables:
                         *            Creating table lwlabor: 
08/24/2021 04:49:41 PM - *
08/24/2021 04:49:41 PM - *    INFO : db_common._dbcreateTables:
                         *            Created table lwlabor: 
08/24/2021 04:49:41 PM - *
08/24/2021 04:49:41 PM - *    INFO : db_common._dbcreateTables:
                         *            Creating table lwcosts: 
08/24/2021 04:49:41 PM - *
08/24/2021 04:49:41 PM - *    INFO : db_common._dbcreateTables:
                         *            Created table lwcosts: 
08/24/2021 04:49:41 PM - *
08/24/2021 04:49:41 PM - *    INFO : db_common._dbcreateTables:
                         *            Creating table lwhardware: 
08/24/2021 04:49:41 PM - *
08/24/2021 04:49:41 PM - *    INFO : db_common._dbcreateTables:
                         *            Created table lwhardware: 
08/24/2021 04:49:41 PM - *
08/24/2021 04:49:41 PM - *    INFO : db_common._dbgrantUserPriv:
                         *            Granting User Privaleges LeatherWorks: 
08/24/2021 04:49:41 PM - *
08/24/2021 04:49:41 PM - *    INFO : db_common._dbgrantUserPriv:
                         *            Granted User Privaleges LeatherWorks: 
08/24/2021 04:49:41 PM - *
08/24/2021 04:49:41 PM - *    INFO : db_common._dbcloseConnection:
                         *            Closing DB Connection
08/24/2021 04:49:41 PM - *
08/24/2021 04:49:41 PM - *    INFO : db_common._dbcloseConnection:
                         *            Closed DB Connection
08/24/2021 04:49:41 PM - *
08/24/2021 04:49:41 PM - *    INFO : leatherworkCosting.on_recreate:
                         *              Destroying and Recreating databases Complete
08/24/2021 04:49:43 PM - *----------------------------------
08/24/2021 04:49:43 PM - *    WARNING : leatherworkCosting.on_delete:
                         *            Deleting databases
08/24/2021 04:49:43 PM - *----------------------------------
08/24/2021 04:49:44 PM - *
08/24/2021 04:49:44 PM - *    INFO : db_common._dbopenConnection:
                         *            Opening DB Connection using root: 
08/24/2021 04:49:44 PM - *
08/24/2021 04:49:44 PM - *    INFO : db_common._dbopenConnection:
                         *            Opened DB Connection using root: 
08/24/2021 04:49:44 PM - *
08/24/2021 04:49:44 PM - *    INFO : db_common._dbdeleteDB:
                         *            Deleting DB LeatherWorks: 
08/24/2021 04:49:44 PM - *
08/24/2021 04:49:44 PM - *    INFO : db_common._dbdeleteDB:
                         *            Deleted DB LeatherWorks: 
08/24/2021 04:49:44 PM - *
08/24/2021 04:49:44 PM - *    INFO : db_common._dbcloseConnection:
                         *            Closing DB Connection
08/24/2021 04:49:44 PM - *
08/24/2021 04:49:44 PM - *    INFO : db_common._dbcloseConnection:
                         *            Closed DB Connection
08/24/2021 04:49:44 PM - *
08/24/2021 04:49:44 PM - *    INFO : leatherworkCosting.on_delete:
                         *               Deletion Successful
08/24/2021 04:49:46 PM - *----------------------------------
08/24/2021 04:49:46 PM - *    WARNING : leatherworkCosting.on_recreate:
                         *            Recreate Database and Tables
08/24/2021 04:49:46 PM - *----------------------------------
08/24/2021 04:49:47 PM - *
08/24/2021 04:49:47 PM - *    INFO : leatherworkCosting.on_recreate:
                         *              Destroying and Recreating databases
08/24/2021 04:49:47 PM - *
08/24/2021 04:49:47 PM - *    INFO : db_common._dbopenConnection:
                         *            Opening DB Connection using root: 
08/24/2021 04:49:47 PM - *
08/24/2021 04:49:47 PM - *    INFO : db_common._dbopenConnection:
                         *            Opened DB Connection using root: 
08/24/2021 04:49:47 PM - *
08/24/2021 04:49:47 PM - *    INFO : db_common._dbdeleteDB:
                         *            Deleting DB LeatherWorks: 
08/24/2021 04:49:47 PM - *
08/24/2021 04:49:47 PM - *    INFO : db_common._dbdeleteDB:
                         *            Deleted DB LeatherWorks: 
08/24/2021 04:49:47 PM - *
08/24/2021 04:49:47 PM - *    INFO : db_common._dbcreateDB:
                         *            Creating DBs
08/24/2021 04:49:47 PM - *
08/24/2021 04:49:47 PM - *    INFO : db_common._dbcreateDB:
                         *            Created DBs
08/24/2021 04:49:47 PM - *
08/24/2021 04:49:47 PM - *    INFO : db_common._dbcreateTables:
                         *            Creating DB Tables
08/24/2021 04:49:47 PM - *
08/24/2021 04:49:47 PM - *    INFO : db_common._dbcreateTables:
                         *            Creating table lwprojects: 
08/24/2021 04:49:47 PM - *
08/24/2021 04:49:47 PM - *    INFO : db_common._dbcreateTables:
                         *            Created table lwprojects: 
08/24/2021 04:49:47 PM - *
08/24/2021 04:49:47 PM - *    INFO : db_common._dbcreateTables:
                         *            Creating table lwlabor: 
08/24/2021 04:49:47 PM - *
08/24/2021 04:49:47 PM - *    INFO : db_common._dbcreateTables:
                         *            Created table lwlabor: 
08/24/2021 04:49:47 PM - *
08/24/2021 04:49:47 PM - *    INFO : db_common._dbcreateTables:
                         *            Creating table lwcosts: 
08/24/2021 04:49:47 PM - *
08/24/2021 04:49:47 PM - *    INFO : db_common._dbcreateTables:
                         *            Created table lwcosts: 
08/24/2021 04:49:47 PM - *
08/24/2021 04:49:47 PM - *    INFO : db_common._dbcreateTables:
                         *            Creating table lwhardware: 
08/24/2021 04:49:47 PM - *
08/24/2021 04:49:47 PM - *    INFO : db_common._dbcreateTables:
                         *            Created table lwhardware: 
08/24/2021 04:49:47 PM - *
08/24/2021 04:49:47 PM - *    INFO : db_common._dbgrantUserPriv:
                         *            Granting User Privaleges LeatherWorks: 
08/24/2021 04:49:47 PM - *
08/24/2021 04:49:47 PM - *    INFO : db_common._dbgrantUserPriv:
                         *            Granted User Privaleges LeatherWorks: 
08/24/2021 04:49:47 PM - *
08/24/2021 04:49:47 PM - *    INFO : db_common._dbcloseConnection:
                         *            Closing DB Connection
08/24/2021 04:49:47 PM - *
08/24/2021 04:49:47 PM - *    INFO : db_common._dbcloseConnection:
                         *            Closed DB Connection
08/24/2021 04:49:47 PM - *
08/24/2021 04:49:47 PM - *    INFO : leatherworkCosting.on_recreate:
                         *              Destroying and Recreating databases Complete
08/24/2021 04:49:49 PM - *
08/24/2021 04:49:49 PM - *    INFO : leatherworkCosting.on_list:
                         *            Listing DB Tables
08/24/2021 04:49:49 PM - *
08/24/2021 04:49:49 PM - *    INFO : db_common._dbopenConnection:
                         *            Opening DB Connection using leatherworker: 
08/24/2021 04:49:49 PM - *
08/24/2021 04:49:49 PM - *    INFO : db_common._dbopenConnection:
                         *            Opened DB Connection using leatherworker: 
08/24/2021 04:49:49 PM - *
08/24/2021 04:49:49 PM - *    INFO : db_common._dbtablelist:
                         *            Listing DB Tables
08/24/2021 04:49:49 PM - *
08/24/2021 04:49:49 PM - *    INFO : leatherworkCosting.log:
                         *            Logging to TEXT area
08/24/2021 04:49:49 PM - *
08/24/2021 04:49:49 PM - *    INFO : leatherworkCosting.log:
                         *            Logging to TEXT area
08/24/2021 04:49:49 PM - *
08/24/2021 04:49:49 PM - *    INFO : leatherworkCosting.log:
                         *            Logging to TEXT area
08/24/2021 04:49:49 PM - *
08/24/2021 04:49:49 PM - *    INFO : leatherworkCosting.log:
                         *            Logging to TEXT area
08/24/2021 04:49:49 PM - *
08/24/2021 04:49:49 PM - *    INFO : leatherworkCosting.log:
                         *            Logging to TEXT area
08/24/2021 04:49:49 PM - *
08/24/2021 04:49:49 PM - *    INFO : db_common._dbcloseConnection:
                         *            Closing DB Connection
08/24/2021 04:49:49 PM - *
08/24/2021 04:49:49 PM - *    INFO : db_common._dbcloseConnection:
                         *            Closed DB Connection
08/24/2021 04:49:51 PM - *
08/24/2021 04:49:51 PM - *    INFO : leatherworkCosting.on_clear:
                         *            Clearing TEXT area
08/24/2021 04:49:53 PM - *
08/24/2021 04:49:53 PM - *    INFO : leatherworkCosting.on_clear:
                         *            TEXT Area Cleared
08/24/2021 04:49:55 PM - *
08/24/2021 04:49:55 PM - *    INFO : leatherworkCosting.on_log:
                         *            View Current Log
08/24/2021 04:49:55 PM - *
08/24/2021 04:49:55 PM - *    INFO : leatherworkCosting.on_log:
                         *            Clearing current TEXT area
08/24/2021 04:49:55 PM - *
08/24/2021 04:49:55 PM - *    INFO : common_module.get_currDate:
                         *            Getting Current Date using Date Format %Y%m%d
08/24/2021 04:49:55 PM - *
08/24/2021 04:49:55 PM - *    INFO : common_module.get_currDate:
                         *            Returning 20210824 as current date
08/24/2021 04:49:55 PM - *
08/24/2021 04:49:55 PM - *    INFO : leatherworkCosting.on_log:
                         *                opening log file for reading
08/24/2021 04:49:55 PM - *
08/24/2021 04:49:55 PM - *    INFO : leatherworkCosting.log:
                         *            Logging to TEXT area
08/24/2021 04:53:44 PM - **********************************************
08/24/2021 04:53:44 PM - *
08/24/2021 04:53:44 PM - *  Starting Leather Work Costing
08/24/2021 04:53:44 PM - *
08/24/2021 04:53:44 PM - *    INFO : leatherworkCosting._create_member:
                         *            Creating Menu Bar
08/24/2021 04:53:44 PM - *
08/24/2021 04:53:44 PM - *    INFO : leatherworkCosting.on_closing:
                         *            on_quit was called
08/24/2021 04:53:46 PM - *++++++++++++++++++++++++++++++++++
08/24/2021 04:53:46 PM - *    CRITICAL : %(module)s.%(func)s:
                         *             ***%(err)s
08/24/2021 04:53:46 PM - *++++++++++++++++++++++++++++++++++
08/24/2021 04:53:46 PM - *
08/24/2021 04:53:46 PM - *    INFO : leatherworkCosting._create_member:
                         *            Menu Bar Created
08/24/2021 04:53:49 PM - *
08/24/2021 04:53:49 PM - *    INFO : leatherworkCosting.on_deleteLog:
                         *            Deleting All Logs older than today
08/24/2021 04:53:51 PM - *
08/24/2021 04:53:51 PM - *    INFO : common_module.get_currDate:
                         *            Getting Current Date using Date Format %Y%m%d
08/24/2021 04:53:51 PM - *
08/24/2021 04:53:51 PM - *    INFO : common_module.get_currDate:
                         *            Returning 20210824 as current date
08/24/2021 04:53:51 PM - *++++++++++++++++++++++++++++++++++
08/24/2021 04:53:51 PM - *    CRITICAL : leatherworkCosting.on_deleteLog:
                         *             ***_info() missing 1 required positional argument: 's'
08/24/2021 04:53:51 PM - *++++++++++++++++++++++++++++++++++
08/24/2021 04:54:00 PM - *
08/24/2021 04:54:00 PM - *    INFO : leatherworkCosting.on_log:
                         *            View Current Log
08/24/2021 04:54:00 PM - *
08/24/2021 04:54:00 PM - *    INFO : leatherworkCosting.on_log:
                         *            Clearing current TEXT area
08/24/2021 04:54:00 PM - *
08/24/2021 04:54:00 PM - *    INFO : common_module.get_currDate:
                         *            Getting Current Date using Date Format %Y%m%d
08/24/2021 04:54:00 PM - *
08/24/2021 04:54:00 PM - *    INFO : common_module.get_currDate:
                         *            Returning 20210824 as current date
08/24/2021 04:54:00 PM - *
08/24/2021 04:54:00 PM - *    INFO : leatherworkCosting.on_log:
                         *                opening log file for reading
08/24/2021 04:54:00 PM - *
08/24/2021 04:54:00 PM - *    INFO : leatherworkCosting.log:
                         *            Logging to TEXT area
08/24/2021 04:55:08 PM - **********************************************
08/24/2021 04:55:08 PM - *
08/24/2021 04:55:08 PM - *  Starting Leather Work Costing
08/24/2021 04:55:09 PM - *
08/24/2021 04:55:09 PM - *    INFO : leatherworkCosting._create_member:
                         *            Creating Menu Bar
08/24/2021 04:55:09 PM - *
08/24/2021 04:55:09 PM - *    INFO : leatherworkCosting.on_closing:
                         *            on_quit was called
08/24/2021 04:55:10 PM - *++++++++++++++++++++++++++++++++++
08/24/2021 04:55:10 PM - *    CRITICAL : %(module)s.%(func)s:
                         *             ***%(err)s
08/24/2021 04:55:10 PM - *++++++++++++++++++++++++++++++++++
08/24/2021 04:55:10 PM - *
08/24/2021 04:55:10 PM - *    INFO : leatherworkCosting._create_member:
                         *            Menu Bar Created
08/24/2021 04:55:16 PM - *
08/24/2021 04:55:16 PM - *    INFO : leatherworkCosting.on_deleteLog:
                         *            Deleting All Logs older than today
08/24/2021 04:55:17 PM - *
08/24/2021 04:55:17 PM - *    INFO : common_module.get_currDate:
                         *            Getting Current Date using Date Format %Y%m%d
08/24/2021 04:55:17 PM - *
08/24/2021 04:55:17 PM - *    INFO : common_module.get_currDate:
                         *            Returning 20210824 as current date
08/24/2021 04:56:08 PM - **********************************************
08/24/2021 04:56:08 PM - *
08/24/2021 04:56:08 PM - *  Starting Leather Work Costing
08/24/2021 04:56:08 PM - *
08/24/2021 04:56:08 PM - *    INFO : leatherworkCosting._create_member:
                         *            Creating Menu Bar
08/24/2021 04:56:08 PM - *
08/24/2021 04:56:08 PM - *    INFO : leatherworkCosting.on_closing:
                         *            on_quit was called
08/24/2021 04:56:09 PM - *++++++++++++++++++++++++++++++++++
08/24/2021 04:56:09 PM - *    CRITICAL : %(module)s.%(func)s:
                         *             ***%(err)s
08/24/2021 04:56:09 PM - *++++++++++++++++++++++++++++++++++
08/24/2021 04:56:10 PM - *
08/24/2021 04:56:10 PM - *    INFO : leatherworkCosting._create_member:
                         *            Menu Bar Created
08/24/2021 04:56:14 PM - *
08/24/2021 04:56:14 PM - *    INFO : leatherworkCosting.on_deleteLog:
                         *            Deleting All Logs older than today
08/24/2021 04:56:15 PM - *
08/24/2021 04:56:15 PM - *    INFO : common_module.get_currDate:
                         *            Getting Current Date using Date Format %Y%m%d
08/24/2021 04:56:15 PM - *
08/24/2021 04:56:15 PM - *    INFO : common_module.get_currDate:
                         *            Returning 20210824 as current date
08/24/2021 04:56:15 PM - *
08/24/2021 04:56:15 PM - *    INFO : leatherworkCosting.on_deleteLog:
                         *            Deleting ALL Files *EXCEPT* logging/lw-Costing-log-20210824
08/24/2021 04:56:15 PM - *
08/24/2021 04:56:15 PM - *    INFO : common_module.deleteAllButCurrent:
                         *            Preparing to delete all files except lw-Costing-log-20210824
08/24/2021 04:56:15 PM - *
08/24/2021 04:56:15 PM - *    INFO : common_module.deleteAllButCurrent:
                         *            Getting a list of all files in ./logging/, 
 with the extention of .log
08/24/2021 04:56:15 PM - *
08/24/2021 04:56:15 PM - *    INFO : common_module.deleteAllButCurrent:
                         *            Removing ./logging/lw-Costing-log-20210824.log from list
08/24/2021 04:56:15 PM - *
08/24/2021 04:56:15 PM - *    INFO : common_module.deleteAllButCurrent:
                         *            Deleting Files Completed
08/24/2021 04:56:54 PM - **********************************************
08/24/2021 04:56:54 PM - *
08/24/2021 04:56:54 PM - *  Starting Leather Work Costing
08/24/2021 04:56:54 PM - *
08/24/2021 04:56:54 PM - *    INFO : leatherworkCosting._create_member:
                         *            Creating Menu Bar
08/24/2021 04:56:54 PM - *
08/24/2021 04:56:54 PM - *    INFO : leatherworkCosting.on_closing:
                         *            on_quit was called
08/24/2021 04:56:55 PM - *++++++++++++++++++++++++++++++++++
08/24/2021 04:56:55 PM - *    CRITICAL : %(module)s.%(func)s:
                         *             ***%(err)s
08/24/2021 04:56:55 PM - *++++++++++++++++++++++++++++++++++
08/24/2021 04:56:55 PM - *
08/24/2021 04:56:55 PM - *    INFO : leatherworkCosting._create_member:
                         *            Menu Bar Created
08/24/2021 04:56:58 PM - *
08/24/2021 04:56:58 PM - *    INFO : leatherworkCosting.on_deleteLog:
                         *            Deleting All Logs older than today
08/24/2021 04:56:58 PM - *
08/24/2021 04:56:58 PM - *    INFO : common_module.get_currDate:
                         *            Getting Current Date using Date Format %Y%m%d
08/24/2021 04:56:58 PM - *
08/24/2021 04:56:58 PM - *    INFO : common_module.get_currDate:
                         *            Returning 20210824 as current date
08/24/2021 04:56:58 PM - *
08/24/2021 04:56:58 PM - *    INFO : leatherworkCosting.on_deleteLog:
                         *            Deleting ALL Files *EXCEPT* logging/lw-Costing-log-20210824
08/24/2021 04:56:58 PM - *
08/24/2021 04:56:58 PM - *    INFO : common_module.deleteAllButCurrent:
                         *            Preparing to delete all files except lw-Costing-log-20210824
08/24/2021 04:56:58 PM - *
08/24/2021 04:56:58 PM - *    INFO : common_module.deleteAllButCurrent:
                         *            Getting a list of all files in ./logging/, 
 with the extention of .log
08/24/2021 04:56:58 PM - *
08/24/2021 04:56:58 PM - *    INFO : common_module.deleteAllButCurrent:
                         *            Removing ./logging/lw-Costing-log-20210824.log from list
08/24/2021 04:56:58 PM - *
08/24/2021 04:56:58 PM - *    INFO : common_module.deleteAllButCurrent:
                         *            Deleting File ./logging/lw-Costing-log-20210824 copy.log
08/24/2021 04:56:58 PM - *
08/24/2021 04:56:58 PM - *    INFO : common_module.deleteAllButCurrent:
                         *            Deleting Files Completed
08/24/2021 04:58:09 PM - **********************************************
08/24/2021 04:58:09 PM - *
08/24/2021 04:58:09 PM - *  Starting Leather Work Costing
08/24/2021 04:58:09 PM - *
08/24/2021 04:58:09 PM - *    INFO : leatherworkCosting.on_closing:
                         *            on_quit was called
08/24/2021 04:58:11 PM - *++++++++++++++++++++++++++++++++++
08/24/2021 04:58:11 PM - *    CRITICAL : %(module)s.%(func)s:
                         *             ***%(err)s
08/24/2021 04:58:11 PM - *++++++++++++++++++++++++++++++++++
08/24/2021 04:58:11 PM - *
08/24/2021 04:58:11 PM - *    INFO : leatherworkCosting._create_member:
                         *            Creating Menu Bar
08/24/2021 04:58:11 PM - *
08/24/2021 04:58:11 PM - *    INFO : leatherworkCosting._create_member:
                         *            Menu Bar Created
