08/22/2021 09:25:13 PM - **********************************************
08/22/2021 09:25:13 PM - *
08/22/2021 09:25:13 PM - *  Starting Leather Work Costing
08/22/2021 09:25:50 PM - **********************************************
08/22/2021 09:25:50 PM - *
08/22/2021 09:25:50 PM - *  Starting Leather Work Costing
08/22/2021 09:25:50 PM - *
08/22/2021 09:25:50 PM - *    INFO : leatherworkCosting._create_member: Creating Menu Bar
08/22/2021 09:25:50 PM - *
08/22/2021 09:25:50 PM - *    INFO : leatherworkCosting._create_member: Menu Bar Created
08/22/2021 09:25:52 PM - *
08/22/2021 09:25:52 PM - *  Ending leatherworkCosting.on_closing
08/22/2021 09:25:52 PM - *
08/22/2021 09:25:52 PM - **********************************************
08/22/2021 09:29:06 PM - **********************************************
08/22/2021 09:29:06 PM - *
08/22/2021 09:29:06 PM - *  Starting Leather Work Costing
08/22/2021 09:29:07 PM - **********************************************
08/22/2021 09:29:07 PM - *
08/22/2021 09:29:07 PM - *  Starting Leather Work Costing
08/22/2021 09:29:08 PM - **********************************************
08/22/2021 09:29:08 PM - *
08/22/2021 09:29:08 PM - *  Starting Leather Work Costing
08/22/2021 09:41:22 PM - **********************************************
08/22/2021 09:41:22 PM - *
08/22/2021 09:41:22 PM - *  Starting Leather Work Costing
08/22/2021 09:42:15 PM - **********************************************
08/22/2021 09:42:15 PM - *
08/22/2021 09:42:15 PM - *  Starting Leather Work Costing
08/22/2021 09:42:18 PM - **********************************************
08/22/2021 09:42:18 PM - *
08/22/2021 09:42:18 PM - *  Starting Leather Work Costing
08/22/2021 09:42:20 PM - **********************************************
08/22/2021 09:42:20 PM - *
08/22/2021 09:42:20 PM - *  Starting Leather Work Costing
08/22/2021 09:47:23 PM - **********************************************
08/22/2021 09:47:23 PM - *
08/22/2021 09:47:23 PM - *  Starting Leather Work Costing
08/22/2021 09:47:23 PM - *
08/22/2021 09:47:23 PM - *    INFO : leatherworkCosting._create_member: Creating Menu Bar
08/22/2021 09:47:23 PM - *
08/22/2021 09:47:23 PM - *    INFO : leatherworkCosting._create_member: Menu Bar Created
08/22/2021 09:47:26 PM - *
08/22/2021 09:47:26 PM - *  Ending leatherworkCosting.on_closing
08/22/2021 09:47:26 PM - *
08/22/2021 09:47:26 PM - **********************************************
08/22/2021 09:47:43 PM - **********************************************
08/22/2021 09:47:43 PM - *
08/22/2021 09:47:43 PM - *  Starting Leather Work Costing
08/22/2021 09:47:46 PM - **********************************************
08/22/2021 09:47:46 PM - *
08/22/2021 09:47:46 PM - *  Starting Leather Work Costing
08/22/2021 09:47:46 PM - *
08/22/2021 09:47:46 PM - *    INFO : leatherworkCosting._create_member: Creating Menu Bar
08/22/2021 09:47:46 PM - *
08/22/2021 09:47:46 PM - *    INFO : leatherworkCosting._create_member: Menu Bar Created
08/22/2021 09:47:48 PM - *
08/22/2021 09:47:48 PM - *  Ending leatherworkCosting.on_closing
08/22/2021 09:47:48 PM - *
08/22/2021 09:47:48 PM - **********************************************
08/22/2021 09:56:44 PM - **********************************************
08/22/2021 09:56:44 PM - *
08/22/2021 09:56:44 PM - *  Starting Leather Work Costing
08/22/2021 09:56:44 PM - *
08/22/2021 09:56:44 PM - *    INFO : leatherworkCosting._create_member: Creating Menu Bar
08/22/2021 09:56:44 PM - *
08/22/2021 09:56:44 PM - *    INFO : leatherworkCosting._create_member: Menu Bar Created
08/22/2021 09:56:47 PM - *----------------------------------
08/22/2021 09:56:47 PM - *    WARNING : leatherworkCosting.on_recreate: Recreate Database and Tables
08/22/2021 09:56:47 PM - *----------------------------------
08/22/2021 09:56:49 PM - *
08/22/2021 09:56:49 PM - *    INFO : leatherworkCosting.on_recreate:   Recreated Cancelled
08/22/2021 09:57:01 PM - *
08/22/2021 09:57:01 PM - *  Ending leatherworkCosting.on_closing
08/22/2021 09:57:01 PM - *
08/22/2021 09:57:01 PM - **********************************************
08/22/2021 09:57:01 PM - **********************************************
08/22/2021 09:57:01 PM - *
08/22/2021 09:57:01 PM - *  Starting Leather Work Costing
08/22/2021 09:57:01 PM - *
08/22/2021 09:57:01 PM - *    INFO : leatherworkCosting._create_member: Creating Menu Bar
08/22/2021 09:57:01 PM - *
08/22/2021 09:57:01 PM - *    INFO : leatherworkCosting._create_member: Menu Bar Created
08/22/2021 09:57:02 PM - *
08/22/2021 09:57:02 PM - *  Ending leatherworkCosting.on_closing
08/22/2021 09:57:02 PM - *
08/22/2021 09:57:02 PM - **********************************************
08/22/2021 09:57:02 PM - **********************************************
08/22/2021 09:57:02 PM - *
08/22/2021 09:57:02 PM - *  Starting Leather Work Costing
08/22/2021 09:57:02 PM - *
08/22/2021 09:57:02 PM - *    INFO : leatherworkCosting._create_member: Creating Menu Bar
08/22/2021 09:57:02 PM - *
08/22/2021 09:57:02 PM - *    INFO : leatherworkCosting._create_member: Menu Bar Created
08/22/2021 09:57:03 PM - *
08/22/2021 09:57:03 PM - *  Ending leatherworkCosting.on_closing
08/22/2021 09:57:03 PM - *
08/22/2021 09:57:03 PM - **********************************************
08/22/2021 09:57:07 PM - **********************************************
08/22/2021 09:57:07 PM - *
08/22/2021 09:57:07 PM - *  Starting Leather Work Costing
08/22/2021 09:57:07 PM - *
08/22/2021 09:57:07 PM - *    INFO : leatherworkCosting._create_member: Creating Menu Bar
08/22/2021 09:57:07 PM - *
08/22/2021 09:57:07 PM - *    INFO : leatherworkCosting._create_member: Menu Bar Created
08/22/2021 09:57:10 PM - *----------------------------------
08/22/2021 09:57:10 PM - *    WARNING : leatherworkCosting.on_recreate: Recreate Database and Tables
08/22/2021 09:57:10 PM - *----------------------------------
08/22/2021 09:57:11 PM - *
08/22/2021 09:57:11 PM - *    INFO : leatherworkCosting.on_recreate:   Destroying and Recreating databases
08/22/2021 09:57:11 PM - *
08/22/2021 09:57:11 PM - *    INFO : db_common.db_openConnection: Opening DB Connection using root: 
08/22/2021 09:57:11 PM - *
08/22/2021 09:57:11 PM - *    INFO : db_common.db_openConnection: Opened DB Connection using root: 
08/22/2021 09:57:14 PM - *
08/22/2021 09:57:14 PM - *  Ending leatherworkCosting.on_closing
08/22/2021 09:57:14 PM - *
08/22/2021 09:57:14 PM - **********************************************
08/22/2021 09:58:00 PM - **********************************************
08/22/2021 09:58:00 PM - *
08/22/2021 09:58:00 PM - *  Starting Leather Work Costing
08/22/2021 09:58:00 PM - *
08/22/2021 09:58:00 PM - *    INFO : leatherworkCosting._create_member: Creating Menu Bar
08/22/2021 09:58:00 PM - *
08/22/2021 09:58:00 PM - *    INFO : leatherworkCosting._create_member: Menu Bar Created
08/22/2021 09:58:03 PM - *----------------------------------
08/22/2021 09:58:03 PM - *    WARNING : leatherworkCosting.on_delete: Deleting databases
08/22/2021 09:58:03 PM - *----------------------------------
08/22/2021 09:58:11 PM - *
08/22/2021 09:58:11 PM - *  Ending leatherworkCosting.on_closing
08/22/2021 09:58:11 PM - *
08/22/2021 09:58:11 PM - **********************************************
08/22/2021 09:58:17 PM - **********************************************
08/22/2021 09:58:17 PM - *
08/22/2021 09:58:17 PM - *  Starting Leather Work Costing
08/22/2021 09:58:17 PM - *
08/22/2021 09:58:17 PM - *    INFO : leatherworkCosting._create_member: Creating Menu Bar
08/22/2021 09:59:41 PM - **********************************************
08/22/2021 09:59:41 PM - *
08/22/2021 09:59:41 PM - *  Starting Leather Work Costing
08/22/2021 09:59:41 PM - *
08/22/2021 09:59:41 PM - *    INFO : leatherworkCosting._create_member: Creating Menu Bar
08/22/2021 09:59:41 PM - *
08/22/2021 09:59:41 PM - *    INFO : leatherworkCosting._create_member: Menu Bar Created
08/22/2021 09:59:45 PM - *----------------------------------
08/22/2021 09:59:45 PM - *    WARNING : leatherworkCosting.on_delete: Deleting databases
08/22/2021 09:59:45 PM - *----------------------------------
08/22/2021 09:59:52 PM - **********************************************
08/22/2021 09:59:52 PM - *
08/22/2021 09:59:52 PM - *  Starting Leather Work Costing
08/22/2021 09:59:52 PM - *
08/22/2021 09:59:52 PM - *    INFO : leatherworkCosting._create_member: Creating Menu Bar
08/22/2021 09:59:52 PM - *
08/22/2021 09:59:52 PM - *    INFO : leatherworkCosting._create_member: Menu Bar Created
08/22/2021 09:59:55 PM - *----------------------------------
08/22/2021 09:59:55 PM - *    WARNING : leatherworkCosting.on_delete: Deleting databases
08/22/2021 09:59:55 PM - *----------------------------------
08/22/2021 10:09:01 PM - **********************************************
08/22/2021 10:09:01 PM - *
08/22/2021 10:09:01 PM - *  Starting Leather Work Costing
08/22/2021 10:09:02 PM - *
08/22/2021 10:09:02 PM - *    INFO : leatherworkCosting._create_member: Creating Menu Bar
08/22/2021 10:09:02 PM - *
08/22/2021 10:09:02 PM - *    INFO : leatherworkCosting._create_member: Menu Bar Created
08/22/2021 10:09:06 PM - *
08/22/2021 10:09:06 PM - *    INFO : leatherworkCosting.on_clear: Clearing TEXT area
08/22/2021 10:09:08 PM - *
08/22/2021 10:09:08 PM - *    INFO : leatherworkCosting.on_clear: Clacelled Clearing TEXT Area
08/22/2021 10:09:12 PM - *
08/22/2021 10:09:12 PM - *    INFO : leatherworkCosting.on_clear: Clearing TEXT area
08/22/2021 10:09:13 PM - *
08/22/2021 10:09:13 PM - *    INFO : leatherworkCosting.on_clear: TEXT Area Cleared
08/22/2021 10:09:17 PM - *
08/22/2021 10:09:17 PM - *    INFO : leatherworkCosting.on_log: View Current Log
08/22/2021 10:09:17 PM - *
08/22/2021 10:09:17 PM - *    INFO : leatherworkCosting.on_log:     Clearing current TEXT area
08/22/2021 10:09:17 PM - *
08/22/2021 10:09:17 PM - *    INFO : leatherworkCosting.on_log:     opening log file for reading
08/22/2021 10:09:17 PM - *
08/22/2021 10:09:17 PM - *    INFO : leatherworkCosting.log: Logging to TEXT area
08/22/2021 10:09:27 PM - *
08/22/2021 10:09:27 PM - *  Ending leatherworkCosting.on_closing
08/22/2021 10:09:27 PM - *
08/22/2021 10:09:27 PM - **********************************************
08/22/2021 10:09:38 PM - **********************************************
08/22/2021 10:09:38 PM - *
08/22/2021 10:09:38 PM - *  Starting Leather Work Costing
08/22/2021 10:09:38 PM - *
08/22/2021 10:09:38 PM - *    INFO : leatherworkCosting._create_member: Creating Menu Bar
08/22/2021 10:09:38 PM - *
08/22/2021 10:09:38 PM - *    INFO : leatherworkCosting._create_member: Menu Bar Created
08/22/2021 10:09:41 PM - *
08/22/2021 10:09:41 PM - *    INFO : leatherworkCosting.on_log: View Current Log
08/22/2021 10:09:41 PM - *
08/22/2021 10:09:41 PM - *    INFO : leatherworkCosting.on_log:     Clearing current TEXT area
08/22/2021 10:09:41 PM - *
08/22/2021 10:09:41 PM - *    INFO : leatherworkCosting.on_log:     opening log file for reading
08/22/2021 10:09:41 PM - *
08/22/2021 10:09:41 PM - *    INFO : leatherworkCosting.log: Logging to TEXT area
08/22/2021 10:10:02 PM - *
08/22/2021 10:10:02 PM - *    INFO : leatherworkCosting.on_clear: Clearing TEXT area
08/22/2021 10:10:04 PM - *
08/22/2021 10:10:04 PM - *    INFO : leatherworkCosting.on_clear: TEXT Area Cleared
08/22/2021 10:10:07 PM - *
08/22/2021 10:10:07 PM - *    INFO : leatherworkCosting.on_log: View Current Log
08/22/2021 10:10:07 PM - *
08/22/2021 10:10:07 PM - *    INFO : leatherworkCosting.on_log:     Clearing current TEXT area
08/22/2021 10:10:07 PM - *
08/22/2021 10:10:07 PM - *    INFO : leatherworkCosting.on_log:     opening log file for reading
08/22/2021 10:10:07 PM - *
08/22/2021 10:10:07 PM - *    INFO : leatherworkCosting.log: Logging to TEXT area
08/22/2021 10:10:25 PM - *
08/22/2021 10:10:25 PM - *  Ending leatherworkCosting.on_closing
08/22/2021 10:10:25 PM - *
08/22/2021 10:10:25 PM - **********************************************
08/22/2021 10:10:30 PM - **********************************************
08/22/2021 10:10:30 PM - *
08/22/2021 10:10:30 PM - *  Starting Leather Work Costing
08/22/2021 10:10:30 PM - *
08/22/2021 10:10:30 PM - *    INFO : leatherworkCosting._create_member: Creating Menu Bar
08/22/2021 10:10:30 PM - *
08/22/2021 10:10:30 PM - *    INFO : leatherworkCosting._create_member: Menu Bar Created
08/22/2021 10:10:34 PM - *
08/22/2021 10:10:34 PM - *    INFO : leatherworkCosting.on_clear: Clearing TEXT area
08/22/2021 10:10:38 PM - *
08/22/2021 10:10:38 PM - *    INFO : leatherworkCosting.on_clear: Clacelled Clearing TEXT Area
08/22/2021 10:10:42 PM - *----------------------------------
08/22/2021 10:10:42 PM - *    WARNING : leatherworkCosting.on_recreate: Recreate Database and Tables
08/22/2021 10:10:42 PM - *----------------------------------
08/22/2021 10:11:09 PM - *
08/22/2021 10:11:09 PM - *  Ending leatherworkCosting.on_closing
08/22/2021 10:11:09 PM - *
08/22/2021 10:11:09 PM - **********************************************
08/22/2021 10:11:09 PM - **********************************************
08/22/2021 10:11:09 PM - *
08/22/2021 10:11:09 PM - *  Starting Leather Work Costing
08/22/2021 10:11:09 PM - *
08/22/2021 10:11:09 PM - *    INFO : leatherworkCosting._create_member: Creating Menu Bar
08/22/2021 10:11:09 PM - *
08/22/2021 10:11:09 PM - *    INFO : leatherworkCosting._create_member: Menu Bar Created
08/22/2021 10:11:12 PM - *----------------------------------
08/22/2021 10:11:12 PM - *    WARNING : leatherworkCosting.on_recreate: Recreate Database and Tables
08/22/2021 10:11:12 PM - *----------------------------------
08/22/2021 10:11:14 PM - *
08/22/2021 10:11:14 PM - *    INFO : leatherworkCosting.on_recreate:   Recreated Cancelled
08/22/2021 10:11:17 PM - *
08/22/2021 10:11:17 PM - *  Ending leatherworkCosting.on_closing
08/22/2021 10:11:17 PM - *
08/22/2021 10:11:17 PM - **********************************************
08/22/2021 10:11:55 PM - **********************************************
08/22/2021 10:11:55 PM - *
08/22/2021 10:11:55 PM - *  Starting Leather Work Costing
08/22/2021 10:11:55 PM - *
08/22/2021 10:11:55 PM - *    INFO : leatherworkCosting._create_member: Creating Menu Bar
08/22/2021 10:11:55 PM - *
08/22/2021 10:11:55 PM - *    INFO : leatherworkCosting._create_member: Menu Bar Created
08/22/2021 10:11:57 PM - *
08/22/2021 10:11:57 PM - *    INFO : leatherworkCosting.on_closing: on_quit was called
08/22/2021 10:12:01 PM - *
08/22/2021 10:12:01 PM - *    INFO : leatherworkCosting.on_closing: on_quit was called
08/22/2021 10:12:04 PM - *
08/22/2021 10:12:04 PM - *    INFO : leatherworkCosting.on_closing: on_quit was called
08/22/2021 10:12:27 PM - **********************************************
08/22/2021 10:12:27 PM - *
08/22/2021 10:12:27 PM - *  Starting Leather Work Costing
08/22/2021 10:12:27 PM - *
08/22/2021 10:12:27 PM - *    INFO : leatherworkCosting._create_member: Creating Menu Bar
08/22/2021 10:12:27 PM - *
08/22/2021 10:12:27 PM - *    INFO : leatherworkCosting._create_member: Menu Bar Created
08/22/2021 10:12:29 PM - *
08/22/2021 10:12:29 PM - *    INFO : leatherworkCosting.on_closing: on_quit was called
08/22/2021 10:12:30 PM - *
08/22/2021 10:12:30 PM - *    INFO : leatherworkCosting.on_closing: on_quit cancelled
08/22/2021 10:12:34 PM - *
08/22/2021 10:12:34 PM - *    INFO : leatherworkCosting.on_quit: on_quit was called
08/22/2021 10:12:35 PM - *
08/22/2021 10:12:35 PM - *    INFO : leatherworkCosting.on_quit: on_quit cancelled
08/22/2021 10:12:56 PM - **********************************************
08/22/2021 10:12:56 PM - *
08/22/2021 10:12:56 PM - *  Starting Leather Work Costing
08/22/2021 10:12:57 PM - *
08/22/2021 10:12:57 PM - *    INFO : leatherworkCosting._create_member: Creating Menu Bar
08/22/2021 10:12:57 PM - *
08/22/2021 10:12:57 PM - *    INFO : leatherworkCosting._create_member: Menu Bar Created
08/22/2021 10:13:01 PM - *
08/22/2021 10:13:01 PM - *    INFO : leatherworkCosting.on_quit: on_quit was called
08/22/2021 10:13:02 PM - *
08/22/2021 10:13:02 PM - *    INFO : leatherworkCosting.on_quit: on_quit cancelled
08/22/2021 10:13:07 PM - *----------------------------------
08/22/2021 10:13:07 PM - *    WARNING : leatherworkCosting.on_recreate: Recreate Database and Tables
08/22/2021 10:13:07 PM - *----------------------------------
08/22/2021 10:13:09 PM - *
08/22/2021 10:13:09 PM - *    INFO : leatherworkCosting.on_recreate:   Recreated Cancelled
08/22/2021 10:13:11 PM - *
08/22/2021 10:13:11 PM - *    INFO : leatherworkCosting.on_clear: Clearing TEXT area
08/22/2021 10:13:13 PM - *
08/22/2021 10:13:13 PM - *    INFO : leatherworkCosting.on_clear: Clacelled Clearing TEXT Area
08/22/2021 10:13:18 PM - *
08/22/2021 10:13:18 PM - *    INFO : leatherworkCosting.on_closing: on_quit was called
08/22/2021 10:13:20 PM - *
08/22/2021 10:13:20 PM - *  Ending leatherworkCosting.on_closing
08/22/2021 10:13:20 PM - *
08/22/2021 10:13:20 PM - **********************************************
