08/20/2021 02:06:17 AM - **********************************************
08/20/2021 02:06:17 AM - *
08/20/2021 02:06:17 AM - *  Starting Leather Work Costing
08/20/2021 02:06:17 AM - *
08/20/2021 02:06:17 AM - *    INFO : leatherworkCosting._create_member: Creating Menu Bar
08/20/2021 02:06:17 AM - *
08/20/2021 02:06:17 AM - *    INFO : leatherworkCosting._create_member: Menu Bar Created
08/20/2021 02:06:22 AM - *----------------------------------
08/20/2021 02:06:22 AM - *    WARNING : leatherworkCosting.on_recreate: Recreate Database and Tables
08/20/2021 02:06:22 AM - *----------------------------------
08/20/2021 02:06:23 AM - *
08/20/2021 02:06:23 AM - *    INFO : leatherworkCosting.on_recreate:   Destroying and Recreating databases
08/20/2021 02:06:23 AM - *
08/20/2021 02:06:23 AM - *    INFO : db_common.db_openConnection: Opening DB Connection using root: 
08/20/2021 02:06:23 AM - *
08/20/2021 02:06:23 AM - *    INFO : db_common.db_openConnection: Opened DB Connection using root: 
08/20/2021 02:06:23 AM - *
08/20/2021 02:06:23 AM - *    INFO : db_common.db_deleteDB: Deleting DB LeatherWorks: 
08/20/2021 02:06:23 AM - *
08/20/2021 02:06:23 AM - *    INFO : db_common.db_deleteDB: Deleted DB LeatherWorks: 
08/20/2021 02:06:23 AM - *
08/20/2021 02:06:23 AM - *    INFO : db_common.db_createDB: Creating DBs
08/20/2021 02:06:23 AM - *
08/20/2021 02:06:23 AM - *    INFO : db_common.db_createDB: Created DBs
08/20/2021 02:06:23 AM - *
08/20/2021 02:06:23 AM - *    INFO : db_common.db_createTables: Creating DB Tables
08/20/2021 02:06:23 AM - *
08/20/2021 02:06:23 AM - *    INFO : db_common.db_createTables: Creating table lwprojects: 
08/20/2021 02:06:24 AM - *
08/20/2021 02:06:24 AM - *    INFO : db_common.db_createTables: Created table lwprojects: 
08/20/2021 02:06:24 AM - *
08/20/2021 02:06:24 AM - *    INFO : db_common.db_createTables: Creating table lwlabor: 
08/20/2021 02:06:24 AM - *
08/20/2021 02:06:24 AM - *    INFO : db_common.db_createTables: Created table lwlabor: 
08/20/2021 02:06:24 AM - *
08/20/2021 02:06:24 AM - *    INFO : db_common.db_createTables: Creating table lwcosts: 
08/20/2021 02:06:24 AM - *
08/20/2021 02:06:24 AM - *    INFO : db_common.db_createTables: Created table lwcosts: 
08/20/2021 02:06:24 AM - *
08/20/2021 02:06:24 AM - *    INFO : db_common.db_createTables: Creating table lwhardware: 
08/20/2021 02:06:24 AM - *
08/20/2021 02:06:24 AM - *    INFO : db_common.db_createTables: Created table lwhardware: 
08/20/2021 02:06:24 AM - *
08/20/2021 02:06:24 AM - *    INFO : db_common.db_grantUserPriv: Granting User Privaleges LeatherWorks: 
08/20/2021 02:06:24 AM - *
08/20/2021 02:06:24 AM - *    INFO : db_common.db_grantUserPriv: Granted User Privaleges LeatherWorks: 
08/20/2021 02:06:24 AM - *
08/20/2021 02:06:24 AM - *    INFO : db_common.db_closeConnection: Closing DB Connection
08/20/2021 02:06:24 AM - *
08/20/2021 02:06:24 AM - *    INFO : db_common.db_closeConnection: Closed DB Connection
08/20/2021 02:06:24 AM - *
08/20/2021 02:06:24 AM - *    INFO : leatherworkCosting.on_recreate:   Destroying and Recreating databases Complete
08/20/2021 02:06:28 AM - *----------------------------------
08/20/2021 02:06:28 AM - *    WARNING : leatherworkCosting.on_delete: Deleting databases
08/20/2021 02:06:28 AM - *----------------------------------
08/20/2021 02:06:29 AM - *
08/20/2021 02:06:29 AM - *    INFO : db_common.db_openConnection: Opening DB Connection using root: 
08/20/2021 02:06:29 AM - *
08/20/2021 02:06:29 AM - *    INFO : db_common.db_openConnection: Opened DB Connection using root: 
08/20/2021 02:06:31 AM - *
08/20/2021 02:06:31 AM - *    INFO : leatherworkCosting.on_list: Listing DB Tables
08/20/2021 02:06:31 AM - *
08/20/2021 02:06:31 AM - *    INFO : db_common.db_openConnection: Opening DB Connection using leatherworker: 
08/20/2021 02:06:31 AM - *
08/20/2021 02:06:31 AM - *    INFO : db_common.db_openConnection: Opened DB Connection using leatherworker: 
08/20/2021 02:06:31 AM - *
08/20/2021 02:06:31 AM - *    INFO : db_common.db_tablelist: Listing DB Tables
08/20/2021 02:06:31 AM - *
08/20/2021 02:06:31 AM - *    INFO : leatherworkCosting.log: Logging to TEXT area
08/20/2021 02:06:31 AM - *
08/20/2021 02:06:31 AM - *    INFO : leatherworkCosting.log: Logging to TEXT area
08/20/2021 02:06:31 AM - *
08/20/2021 02:06:31 AM - *    INFO : leatherworkCosting.log: Logging to TEXT area
08/20/2021 02:06:31 AM - *
08/20/2021 02:06:31 AM - *    INFO : leatherworkCosting.log: Logging to TEXT area
08/20/2021 02:06:31 AM - *
08/20/2021 02:06:31 AM - *    INFO : leatherworkCosting.log: Logging to TEXT area
08/20/2021 02:06:31 AM - *
08/20/2021 02:06:31 AM - *    INFO : db_common.db_closeConnection: Closing DB Connection
08/20/2021 02:06:31 AM - *
08/20/2021 02:06:31 AM - *    INFO : db_common.db_closeConnection: Closed DB Connection
08/20/2021 02:06:42 AM - *----------------------------------
08/20/2021 02:06:42 AM - *    WARNING : leatherworkCosting.on_recreate: Recreate Database and Tables
08/20/2021 02:06:42 AM - *----------------------------------
08/20/2021 02:06:44 AM - *
08/20/2021 02:06:44 AM - *    INFO : leatherworkCosting.on_recreate:   Destroying and Recreating databases
08/20/2021 02:06:44 AM - *
08/20/2021 02:06:44 AM - *    INFO : db_common.db_openConnection: Opening DB Connection using root: 
08/20/2021 02:06:44 AM - *
08/20/2021 02:06:44 AM - *    INFO : db_common.db_openConnection: Opened DB Connection using root: 
08/20/2021 02:06:44 AM - *
08/20/2021 02:06:44 AM - *    INFO : db_common.db_deleteDB: Deleting DB LeatherWorks: 
08/20/2021 02:06:44 AM - *
08/20/2021 02:06:44 AM - *    INFO : db_common.db_deleteDB: Deleted DB LeatherWorks: 
08/20/2021 02:06:44 AM - *
08/20/2021 02:06:44 AM - *    INFO : db_common.db_createDB: Creating DBs
08/20/2021 02:06:44 AM - *
08/20/2021 02:06:44 AM - *    INFO : db_common.db_createDB: Created DBs
08/20/2021 02:06:44 AM - *
08/20/2021 02:06:44 AM - *    INFO : db_common.db_createTables: Creating DB Tables
08/20/2021 02:06:44 AM - *
08/20/2021 02:06:44 AM - *    INFO : db_common.db_createTables: Creating table lwprojects: 
08/20/2021 02:06:44 AM - *
08/20/2021 02:06:44 AM - *    INFO : db_common.db_createTables: Created table lwprojects: 
08/20/2021 02:06:44 AM - *
08/20/2021 02:06:44 AM - *    INFO : db_common.db_createTables: Creating table lwlabor: 
08/20/2021 02:06:44 AM - *
08/20/2021 02:06:44 AM - *    INFO : db_common.db_createTables: Created table lwlabor: 
08/20/2021 02:06:44 AM - *
08/20/2021 02:06:44 AM - *    INFO : db_common.db_createTables: Creating table lwcosts: 
08/20/2021 02:06:44 AM - *
08/20/2021 02:06:44 AM - *    INFO : db_common.db_createTables: Created table lwcosts: 
08/20/2021 02:06:44 AM - *
08/20/2021 02:06:44 AM - *    INFO : db_common.db_createTables: Creating table lwhardware: 
08/20/2021 02:06:44 AM - *
08/20/2021 02:06:44 AM - *    INFO : db_common.db_createTables: Created table lwhardware: 
08/20/2021 02:06:44 AM - *
08/20/2021 02:06:44 AM - *    INFO : db_common.db_grantUserPriv: Granting User Privaleges LeatherWorks: 
08/20/2021 02:06:44 AM - *
08/20/2021 02:06:44 AM - *    INFO : db_common.db_grantUserPriv: Granted User Privaleges LeatherWorks: 
08/20/2021 02:06:44 AM - *
08/20/2021 02:06:44 AM - *    INFO : db_common.db_closeConnection: Closing DB Connection
08/20/2021 02:06:44 AM - *
08/20/2021 02:06:44 AM - *    INFO : db_common.db_closeConnection: Closed DB Connection
08/20/2021 02:06:44 AM - *
08/20/2021 02:06:44 AM - *    INFO : leatherworkCosting.on_recreate:   Destroying and Recreating databases Complete
08/20/2021 02:06:45 AM - *
08/20/2021 02:06:45 AM - *  Ending leatherworkCosting.on_closing
08/20/2021 02:06:45 AM - *
08/20/2021 02:06:45 AM - **********************************************
