08/23/2021 02:22:43 PM - **********************************************
08/23/2021 02:22:43 PM - *
08/23/2021 02:22:43 PM - *  Starting Leather Work Costing
08/23/2021 02:22:43 PM - *
08/23/2021 02:22:43 PM - *    INFO : leatherworkCosting._create_member:
                         *            Creating Menu Bar
08/23/2021 02:22:43 PM - *
08/23/2021 02:22:43 PM - *    INFO : leatherworkCosting._create_member:
                         *            Menu Bar Created
08/23/2021 02:22:46 PM - *
08/23/2021 02:22:46 PM - *    INFO : leatherworkCosting.on_deleteLog:
                         *            Deleting All Logs older than today
08/23/2021 02:22:47 PM - *
08/23/2021 02:22:47 PM - *    INFO : common_module.get_currDate:
                         *            Getting Current Date using Date Format %Y%m%d
08/23/2021 02:22:47 PM - *
08/23/2021 02:22:47 PM - *    INFO : common_module.get_currDate:
                         *            Returning 20210823 as current date
08/23/2021 02:22:47 PM - *
08/23/2021 02:22:47 PM - *    INFO : leatherworkCosting.on_deleteLog:
                         *            Deleting ALL Files *EXCEPT* logging/lw-costing-log-20210823
08/23/2021 02:22:47 PM - *
08/23/2021 02:22:47 PM - *    INFO : common_module.deleteAllButCurrent:
                         *            Preparing to delete all files except lw-costing-log-20210823
08/23/2021 02:22:47 PM - *
08/23/2021 02:22:47 PM - *    INFO : common_module.deleteAllButCurrent:
                         *            Getting a list of all files in ./logging/, 
 with the extention of .log
08/23/2021 02:22:47 PM - *
08/23/2021 02:22:47 PM - *    INFO : common_module.deleteAllButCurrent:
                         *            Removing ./logging/lw-costing-log-20210823.log from list
08/23/2021 02:22:47 PM - *
08/23/2021 02:22:47 PM - *    INFO : common_module.deleteAllButCurrent:
                         *            Deleting File ./logging/lw-costing-log--20210808.log
08/23/2021 02:22:47 PM - *
08/23/2021 02:22:47 PM - *    INFO : common_module.deleteAllButCurrent:
                         *            Deleting File ./logging/lw-costing-log--20210823.log
08/23/2021 02:22:47 PM - *
08/23/2021 02:22:47 PM - *    INFO : common_module.deleteAllButCurrent:
                         *            Deleting Files Completed
08/23/2021 02:22:50 PM - *
08/23/2021 02:22:50 PM - *    INFO : leatherworkCosting.on_closing:
                         *            on_quit was called
08/23/2021 02:22:51 PM - *
08/23/2021 02:22:51 PM - *  Ending leatherworkCosting.on_closing
08/23/2021 02:22:51 PM - *
08/23/2021 02:22:51 PM - **********************************************
